#! /usr/local/bin/vvp
:ivl_version "10.1 (stable)" "(v10_1-107-gab6ae79)";
:ivl_delay_selection "TYPICAL";
:vpi_time_precision + 0;
:vpi_module "system";
:vpi_module "vhdl_sys";
:vpi_module "v2005_math";
:vpi_module "va_math";
S_0xa460d0 .scope module, "apu" "apu" 2 5;
 .timescale 0 0;
v0xabeaa0_0 .net *"_s5", 2 0, L_0xac0e10;  1 drivers
v0xabeba0_0 .net *"_s6", 8 0, L_0xac0f30;  1 drivers
v0xabec80_0 .var "clk", 0 0;
v0xabedb0_0 .net "clk120", 0 0, L_0xad1400;  1 drivers
v0xabeee0_0 .net "clk240", 0 0, L_0xad1240;  1 drivers
v0xabef80_0 .var "controlFlag", 0 0;
v0xabf020_0 .var "counterReload", 6 0;
v0xabf0c0_0 .net "inputReg1", 7 0, L_0xac0c30;  1 drivers
v0xabf160_0 .net "inputReg2", 7 0, L_0xac0d20;  1 drivers
v0xabf2c0_0 .net "inputReg3", 7 0, L_0xac1050;  1 drivers
v0xabf390_0 .var "lengthCounterLoad", 5 0;
v0xabf430_0 .var "reset", 0 0;
v0xabf4d0_0 .var "timer", 10 0;
v0xabf5b0_0 .net "triangleOut", 3 0, v0xabe8e0_0;  1 drivers
L_0xac0c30 .concat [ 7 1 0 0], v0xabf020_0, v0xabef80_0;
L_0xac0d20 .part v0xabf4d0_0, 0, 8;
L_0xac0e10 .part v0xabf4d0_0, 8, 3;
L_0xac0f30 .concat [ 3 6 0 0], L_0xac0e10, v0xabf390_0;
L_0xac1050 .part L_0xac0f30, 0, 8;
S_0xa47ad0 .scope module, "dacTriangle" "dac" 2 32, 3 1 0, S_0xa460d0;
 .timescale 0 0;
    .port_info 0 /INPUT 4 "leftInput"
    .port_info 1 /INPUT 4 "rightInput"
P_0xa4bc70 .param/l "sample_time" 0 3 1, +C4<00000000000000000000001010010000>;
P_0xa4bcb0 .param/l "width" 0 3 1, +C4<00000000000000000000000000000100>;
v0xa4b650_0 .var "clk", 0 0;
v0xab9230_0 .var "left", 3 0;
v0xab9310_0 .net "leftInput", 3 0, v0xabe8e0_0;  alias, 1 drivers
v0xab9400_0 .var "right", 3 0;
v0xab94e0_0 .net "rightInput", 3 0, v0xabe8e0_0;  alias, 1 drivers
E_0xa45920 .event posedge, v0xa4b650_0;
S_0xab9630 .scope module, "frame" "frameSequencer" 2 28, 4 3 0, S_0xa460d0;
 .timescale 0 0;
    .port_info 0 /INPUT 1 "clk"
    .port_info 1 /INPUT 1 "rst"
    .port_info 2 /OUTPUT 1 "quarterFrame"
    .port_info 3 /OUTPUT 1 "halfFrame"
v0xabafc0_0 .net "clk", 0 0, v0xabec80_0;  1 drivers
v0xabb080_0 .net "halfFrame", 0 0, L_0xad1400;  alias, 1 drivers
v0xabb150_0 .net "quarterFrame", 0 0, L_0xad1240;  alias, 1 drivers
v0xabb220_0 .net "rst", 0 0, v0xabf430_0;  1 drivers
S_0xab98a0 .scope module, "divider1" "clkDivider" 4 10, 5 158 0, S_0xab9630;
 .timescale 0 0;
    .port_info 0 /INPUT 1 "clk"
    .port_info 1 /INPUT 1 "rst"
    .port_info 2 /INPUT 17 "N"
    .port_info 3 /OUTPUT 1 "clk_out"
L_0xad1240 .functor BUFZ 1, v0xab9f00_0, C4<0>, C4<0>, C4<0>;
L_0x7f7eedb11060 .functor BUFT 1, C4<10101110110010010>, C4<0>, C4<0>, C4<0>;
v0xab9b90_0 .net "N", 16 0, L_0x7f7eedb11060;  1 drivers
L_0x7f7eedb11018 .functor BUFT 1, C4<00000000000000001>, C4<0>, C4<0>, C4<0>;
v0xab9c90_0 .net/2u *"_s0", 16 0, L_0x7f7eedb11018;  1 drivers
v0xab9d70_0 .net "clk", 0 0, v0xabec80_0;  alias, 1 drivers
v0xab9e40_0 .net "clk_out", 0 0, L_0xad1240;  alias, 1 drivers
v0xab9f00_0 .var "clk_track", 0 0;
v0xaba010_0 .var "n", 16 0;
v0xaba0f0_0 .net "r_next", 16 0, L_0xad11a0;  1 drivers
v0xaba1d0_0 .var "r_reg", 16 0;
v0xaba2b0_0 .net "rst", 0 0, v0xabf430_0;  alias, 1 drivers
E_0xab9b10 .event posedge, v0xaba2b0_0, v0xab9d70_0;
L_0xad11a0 .arith/sum 17, v0xaba1d0_0, L_0x7f7eedb11018;
S_0xaba480 .scope module, "divider2" "clkDivider" 4 11, 5 158 0, S_0xab9630;
 .timescale 0 0;
    .port_info 0 /INPUT 1 "clk"
    .port_info 1 /INPUT 1 "rst"
    .port_info 2 /INPUT 17 "N"
    .port_info 3 /OUTPUT 1 "clk_out"
L_0xad1400 .functor BUFZ 1, v0xabaa70_0, C4<0>, C4<0>, C4<0>;
L_0x7f7eedb110f0 .functor BUFT 1, C4<00000000000000010>, C4<0>, C4<0>, C4<0>;
v0xaba6f0_0 .net "N", 16 0, L_0x7f7eedb110f0;  1 drivers
L_0x7f7eedb110a8 .functor BUFT 1, C4<00000000000000001>, C4<0>, C4<0>, C4<0>;
v0xaba7f0_0 .net/2u *"_s0", 16 0, L_0x7f7eedb110a8;  1 drivers
v0xaba8d0_0 .net "clk", 0 0, L_0xad1240;  alias, 1 drivers
v0xaba9d0_0 .net "clk_out", 0 0, L_0xad1400;  alias, 1 drivers
v0xabaa70_0 .var "clk_track", 0 0;
v0xabab60_0 .var "n", 16 0;
v0xabac40_0 .net "r_next", 16 0, L_0xad1360;  1 drivers
v0xabad20_0 .var "r_reg", 16 0;
v0xabae00_0 .net "rst", 0 0, v0xabf430_0;  alias, 1 drivers
E_0xaba690 .event posedge, v0xaba2b0_0, v0xab9e40_0;
L_0xad1360 .arith/sum 17, v0xabad20_0, L_0x7f7eedb110a8;
S_0xabb330 .scope module, "triangle" "triangleChannel" 2 30, 6 2 0, S_0xa460d0;
 .timescale 0 0;
    .port_info 0 /INPUT 1 "clk"
    .port_info 1 /INPUT 1 "linearclk"
    .port_info 2 /INPUT 1 "lengthclk"
    .port_info 3 /INPUT 8 "inputReg1"
    .port_info 4 /INPUT 8 "inputReg2"
    .port_info 5 /INPUT 8 "inputReg3"
    .port_info 6 /OUTPUT 4 "wave"
v0xabdc10_0 .net *"_s5", 2 0, L_0xad17c0;  1 drivers
v0xabdcf0_0 .net "clk", 0 0, v0xabec80_0;  alias, 1 drivers
v0xabddb0_0 .net "controlFlag", 0 0, L_0xad1550;  1 drivers
v0xabdeb0_0 .net "counterReload", 6 0, L_0xad1640;  1 drivers
v0xabdf80_0 .net "inputReg1", 7 0, L_0xac0c30;  alias, 1 drivers
v0xabe070_0 .net "inputReg2", 7 0, L_0xac0d20;  alias, 1 drivers
v0xabe130_0 .net "inputReg3", 7 0, L_0xac1050;  alias, 1 drivers
v0xabe210_0 .net "lengthCounterIn", 4 0, L_0xad1950;  1 drivers
v0xabe2d0_0 .net "lengthCounterOut", 6 0, v0xabc520_0;  1 drivers
v0xabe430_0 .net "lengthclk", 0 0, L_0xad1400;  alias, 1 drivers
v0xabe4d0_0 .net "linearCounter", 6 0, L_0xad1ad0;  1 drivers
v0xabe5a0_0 .net "linearclk", 0 0, L_0xad1240;  alias, 1 drivers
v0xabe6d0_0 .net "sequenceClk", 0 0, v0xabd300_0;  1 drivers
v0xabe770_0 .net "timer", 10 0, L_0xad1860;  1 drivers
v0xabe810_0 .net "triangleOut", 3 0, v0xabdad0_0;  1 drivers
v0xabe8e0_0 .var "wave", 3 0;
L_0xad1550 .part L_0xac0c30, 7, 1;
L_0xad1640 .part L_0xac0c30, 0, 7;
L_0xad17c0 .part L_0xac1050, 0, 3;
L_0xad1860 .concat [ 8 3 0 0], L_0xac0d20, L_0xad17c0;
L_0xad1950 .part L_0xac1050, 3, 5;
S_0xabb5f0 .scope module, "length" "lengthCounter" 6 34, 5 1 0, S_0xabb330;
 .timescale 0 0;
    .port_info 0 /INPUT 1 "clk"
    .port_info 1 /INPUT 1 "halt"
    .port_info 2 /INPUT 5 "counterLoad"
    .port_info 3 /OUTPUT 7 "out"
v0xabc000_0 .net "clk", 0 0, L_0xad1400;  alias, 1 drivers
v0xabc0f0_0 .net "counterLoad", 4 0, L_0xad1950;  alias, 1 drivers
L_0x7f7eedb11138 .functor BUFT 1, C4<0>, C4<0>, C4<0>, C4<0>;
v0xabc1d0_0 .net "halt", 0 0, L_0x7f7eedb11138;  1 drivers
v0xabc270_0 .net "indexOut", 6 0, v0xabbbf0_0;  1 drivers
v0xabc360_0 .net "loadA", 0 0, L_0xad1b40;  1 drivers
v0xabc450_0 .net "loadB", 3 0, L_0xad1c30;  1 drivers
v0xabc520_0 .var "out", 6 0;
E_0xabb830 .event posedge, v0xaba9d0_0;
E_0xabb8b0 .event edge, v0xabbbf0_0;
L_0xad1b40 .part L_0xad1950, 0, 1;
L_0xad1c30 .part L_0xad1950, 1, 4;
S_0xabb910 .scope module, "index" "lengthIndex" 5 13, 5 33 0, S_0xabb5f0;
 .timescale 0 0;
    .port_info 0 /INPUT 1 "loadA"
    .port_info 1 /INPUT 4 "loadB"
    .port_info 2 /OUTPUT 7 "indexOut"
v0xabbbf0_0 .var "indexOut", 6 0;
v0xabbcf0_0 .net "load", 4 0, L_0xad1db0;  1 drivers
v0xabbdd0_0 .net "loadA", 0 0, L_0xad1b40;  alias, 1 drivers
v0xabbea0_0 .net "loadB", 3 0, L_0xad1c30;  alias, 1 drivers
E_0xabbb70 .event edge, v0xabbcf0_0;
L_0xad1db0 .concat [ 1 4 0 0], L_0xad1b40, L_0xad1c30;
S_0xabc670 .scope module, "linear" "linearCounter" 6 32, 6 46 0, S_0xabb330;
 .timescale 0 0;
    .port_info 0 /INPUT 1 "clk"
    .port_info 1 /INPUT 1 "controlFlag"
    .port_info 2 /INPUT 7 "counterReloadValue"
    .port_info 3 /OUTPUT 7 "linearCounterOut"
L_0xad1ad0 .functor BUFZ 7, v0xabcb10_0, C4<0000000>, C4<0000000>, C4<0000000>;
v0xabc990_0 .net "clk", 0 0, L_0xad1240;  alias, 1 drivers
v0xabca50_0 .net "controlFlag", 0 0, L_0xad1550;  alias, 1 drivers
v0xabcb10_0 .var "counter", 6 0;
v0xabcc00_0 .net "counterReloadValue", 6 0, L_0xad1640;  alias, 1 drivers
v0xabcce0_0 .var "haltFlag", 0 0;
v0xabcdf0_0 .net "linearCounterOut", 6 0, L_0xad1ad0;  alias, 1 drivers
E_0xabc8d0 .event posedge, v0xab9e40_0;
E_0xabc930 .event posedge, v0xabca50_0;
S_0xabcf50 .scope module, "myTimer" "timer" 6 30, 5 195 0, S_0xabb330;
 .timescale 0 0;
    .port_info 0 /INPUT 1 "clk"
    .port_info 1 /INPUT 11 "timer"
    .port_info 2 /OUTPUT 1 "pulse"
v0xabd1f0_0 .net "clk", 0 0, v0xabec80_0;  alias, 1 drivers
v0xabd300_0 .var "pulse", 0 0;
v0xabd3c0_0 .var "t", 10 0;
v0xabd480_0 .net "timer", 10 0, L_0xad1860;  alias, 1 drivers
E_0xabd170 .event posedge, v0xab9d70_0;
S_0xabd5e0 .scope module, "sequence" "triangleSequencer" 6 31, 6 75 0, S_0xabb330;
 .timescale 0 0;
    .port_info 0 /INPUT 1 "clk"
    .port_info 1 /OUTPUT 4 "wave"
v0xabd870_0 .net "clk", 0 0, v0xabd300_0;  alias, 1 drivers
v0xabd960_0 .var "direction", 0 0;
v0xabda00_0 .var "linger", 0 0;
v0xabdad0_0 .var "wave", 3 0;
E_0xabd7f0 .event posedge, v0xabd300_0;
S_0xa49f60 .scope module, "envelope" "envelope" 5 117;
 .timescale 0 0;
    .port_info 0 /INPUT 1 "clk"
    .port_info 1 /INPUT 1 "loop"
    .port_info 2 /INPUT 1 "disableFlag"
    .port_info 3 /INPUT 1 "resetFlag"
    .port_info 4 /INPUT 17 "n"
    .port_info 5 /OUTPUT 4 "volume"
L_0x7f7eedb111c8 .functor BUFT 1, C4<00000000000000001>, C4<0>, C4<0>, C4<0>;
v0xac0300_0 .net/2u *"_s0", 16 0, L_0x7f7eedb111c8;  1 drivers
o0x7f7eedb5b068 .functor BUFZ 1, C4<z>; HiZ drive
v0xac0400_0 .net "clk", 0 0, o0x7f7eedb5b068;  0 drivers
v0xac04c0_0 .var "counter", 3 0;
v0xac0590_0 .net "counter_clk", 0 0, L_0xad1ef0;  1 drivers
o0x7f7eedb5b2d8 .functor BUFZ 1, C4<z>; HiZ drive
v0xac0660_0 .net "disableFlag", 0 0, o0x7f7eedb5b2d8;  0 drivers
o0x7f7eedb5b308 .functor BUFZ 1, C4<z>; HiZ drive
v0xac0700_0 .net "loop", 0 0, o0x7f7eedb5b308;  0 drivers
o0x7f7eedb5b338 .functor BUFZ 17, C4<zzzzzzzzzzzzzzzzz>; HiZ drive
v0xac07a0_0 .net "n", 16 0, o0x7f7eedb5b338;  0 drivers
v0xac0880_0 .var "reset", 0 0;
o0x7f7eedb5b368 .functor BUFZ 1, C4<z>; HiZ drive
v0xac0920_0 .net "resetFlag", 0 0, o0x7f7eedb5b368;  0 drivers
v0xac0a50_0 .var "volume", 3 0;
E_0xabf670 .event posedge, v0xabfcc0_0;
E_0xabf6f0 .event posedge, v0xabfbf0_0;
L_0xad2000 .arith/sum 17, o0x7f7eedb5b338, L_0x7f7eedb111c8;
S_0xabf750 .scope module, "divider" "clkDivider" 5 129, 5 158 0, S_0xa49f60;
 .timescale 0 0;
    .port_info 0 /INPUT 1 "clk"
    .port_info 1 /INPUT 1 "rst"
    .port_info 2 /INPUT 17 "N"
    .port_info 3 /OUTPUT 1 "clk_out"
L_0xad1ef0 .functor BUFZ 1, v0xabfd80_0, C4<0>, C4<0>, C4<0>;
v0xabfa10_0 .net "N", 16 0, L_0xad2000;  1 drivers
L_0x7f7eedb11180 .functor BUFT 1, C4<00000000000000001>, C4<0>, C4<0>, C4<0>;
v0xabfb10_0 .net/2u *"_s0", 16 0, L_0x7f7eedb11180;  1 drivers
v0xabfbf0_0 .net "clk", 0 0, o0x7f7eedb5b068;  alias, 0 drivers
v0xabfcc0_0 .net "clk_out", 0 0, L_0xad1ef0;  alias, 1 drivers
v0xabfd80_0 .var "clk_track", 0 0;
v0xabfe90_0 .var "n", 16 0;
v0xabff70_0 .net "r_next", 16 0, L_0xad1e50;  1 drivers
v0xac0050_0 .var "r_reg", 16 0;
v0xac0130_0 .net "rst", 0 0, v0xac0880_0;  1 drivers
E_0xabf990 .event posedge, v0xac0130_0, v0xabfbf0_0;
L_0xad1e50 .arith/sum 17, v0xac0050_0, L_0x7f7eedb11180;
    .scope S_0xab98a0;
T_0 ;
    %load/vec4 v0xab9b90_0;
    %pad/u 32;
    %pushi/vec4 2, 0, 32;
    %div;
    %pad/u 17;
    %assign/vec4 v0xaba010_0, 0;
    %pushi/vec4 0, 0, 17;
    %assign/vec4 v0xaba1d0_0, 0;
    %pushi/vec4 0, 0, 1;
    %assign/vec4 v0xab9f00_0, 0;
    %end;
    .thread T_0;
    .scope S_0xab98a0;
T_1 ;
    %wait E_0xab9b10;
    %load/vec4 v0xaba2b0_0;
    %flag_set/vec4 8;
    %jmp/0xz  T_1.0, 8;
    %load/vec4 v0xab9b90_0;
    %pad/u 32;
    %pushi/vec4 2, 0, 32;
    %div;
    %pad/u 17;
    %assign/vec4 v0xaba010_0, 0;
    %pushi/vec4 0, 0, 17;
    %assign/vec4 v0xaba1d0_0, 0;
    %pushi/vec4 0, 0, 1;
    %assign/vec4 v0xab9f00_0, 0;
    %jmp T_1.1;
T_1.0 ;
    %load/vec4 v0xaba0f0_0;
    %load/vec4 v0xaba010_0;
    %cmp/e;
    %jmp/0xz  T_1.2, 4;
    %pushi/vec4 0, 0, 17;
    %assign/vec4 v0xaba1d0_0, 0;
    %load/vec4 v0xab9f00_0;
    %inv;
    %assign/vec4 v0xab9f00_0, 0;
    %jmp T_1.3;
T_1.2 ;
    %load/vec4 v0xaba0f0_0;
    %assign/vec4 v0xaba1d0_0, 0;
T_1.3 ;
T_1.1 ;
    %jmp T_1;
    .thread T_1;
    .scope S_0xaba480;
T_2 ;
    %load/vec4 v0xaba6f0_0;
    %pad/u 32;
    %pushi/vec4 2, 0, 32;
    %div;
    %pad/u 17;
    %assign/vec4 v0xabab60_0, 0;
    %pushi/vec4 0, 0, 17;
    %assign/vec4 v0xabad20_0, 0;
    %pushi/vec4 0, 0, 1;
    %assign/vec4 v0xabaa70_0, 0;
    %end;
    .thread T_2;
    .scope S_0xaba480;
T_3 ;
    %wait E_0xaba690;
    %load/vec4 v0xabae00_0;
    %flag_set/vec4 8;
    %jmp/0xz  T_3.0, 8;
    %load/vec4 v0xaba6f0_0;
    %pad/u 32;
    %pushi/vec4 2, 0, 32;
    %div;
    %pad/u 17;
    %assign/vec4 v0xabab60_0, 0;
    %pushi/vec4 0, 0, 17;
    %assign/vec4 v0xabad20_0, 0;
    %pushi/vec4 0, 0, 1;
    %assign/vec4 v0xabaa70_0, 0;
    %jmp T_3.1;
T_3.0 ;
    %load/vec4 v0xabac40_0;
    %load/vec4 v0xabab60_0;
    %cmp/e;
    %jmp/0xz  T_3.2, 4;
    %pushi/vec4 0, 0, 17;
    %assign/vec4 v0xabad20_0, 0;
    %load/vec4 v0xabaa70_0;
    %inv;
    %assign/vec4 v0xabaa70_0, 0;
    %jmp T_3.3;
T_3.2 ;
    %load/vec4 v0xabac40_0;
    %assign/vec4 v0xabad20_0, 0;
T_3.3 ;
T_3.1 ;
    %jmp T_3;
    .thread T_3;
    .scope S_0xabcf50;
T_4 ;
    %pushi/vec4 0, 0, 11;
    %assign/vec4 v0xabd3c0_0, 0;
    %pushi/vec4 0, 0, 1;
    %assign/vec4 v0xabd300_0, 0;
    %end;
    .thread T_4;
    .scope S_0xabcf50;
T_5 ;
    %wait E_0xabd170;
    %load/vec4 v0xabd3c0_0;
    %cmpi/e 0, 0, 11;
    %jmp/0xz  T_5.0, 4;
    %pushi/vec4 1, 0, 1;
    %assign/vec4 v0xabd300_0, 0;
    %load/vec4 v0xabd480_0;
    %assign/vec4 v0xabd3c0_0, 0;
    %jmp T_5.1;
T_5.0 ;
    %pushi/vec4 0, 0, 1;
    %assign/vec4 v0xabd300_0, 0;
    %load/vec4 v0xabd3c0_0;
    %subi 1, 0, 11;
    %assign/vec4 v0xabd3c0_0, 0;
T_5.1 ;
    %jmp T_5;
    .thread T_5;
    .scope S_0xabd5e0;
T_6 ;
    %pushi/vec4 0, 0, 1;
    %assign/vec4 v0xabda00_0, 0;
    %pushi/vec4 0, 0, 1;
    %assign/vec4 v0xabd960_0, 0;
    %pushi/vec4 15, 0, 4;
    %assign/vec4 v0xabdad0_0, 0;
    %end;
    .thread T_6;
    .scope S_0xabd5e0;
T_7 ;
    %wait E_0xabd7f0;
    %load/vec4 v0xabd960_0;
    %flag_set/vec4 8;
    %jmp/0xz  T_7.0, 8;
    %load/vec4 v0xabdad0_0;
    %cmpi/e 14, 0, 4;
    %jmp/0xz  T_7.2, 4;
    %pushi/vec4 0, 0, 1;
    %assign/vec4 v0xabd960_0, 0;
T_7.2 ;
    %load/vec4 v0xabda00_0;
    %flag_set/vec4 8;
    %jmp/0xz  T_7.4, 8;
    %pushi/vec4 0, 0, 1;
    %assign/vec4 v0xabda00_0, 0;
    %jmp T_7.5;
T_7.4 ;
    %load/vec4 v0xabdad0_0;
    %addi 1, 0, 4;
    %assign/vec4 v0xabdad0_0, 0;
T_7.5 ;
    %jmp T_7.1;
T_7.0 ;
    %load/vec4 v0xabdad0_0;
    %cmpi/e 1, 0, 4;
    %jmp/0xz  T_7.6, 4;
    %pushi/vec4 1, 0, 1;
    %assign/vec4 v0xabda00_0, 0;
    %pushi/vec4 1, 0, 1;
    %assign/vec4 v0xabd960_0, 0;
T_7.6 ;
    %load/vec4 v0xabdad0_0;
    %subi 1, 0, 4;
    %assign/vec4 v0xabdad0_0, 0;
T_7.1 ;
    %jmp T_7;
    .thread T_7;
    .scope S_0xabc670;
T_8 ;
    %wait E_0xabc930;
    %pushi/vec4 1, 0, 1;
    %assign/vec4 v0xabcce0_0, 0;
    %jmp T_8;
    .thread T_8;
    .scope S_0xabc670;
T_9 ;
    %wait E_0xabc8d0;
    %load/vec4 v0xabcce0_0;
    %flag_set/vec4 8;
    %jmp/0xz  T_9.0, 8;
    %load/vec4 v0xabcc00_0;
    %assign/vec4 v0xabcb10_0, 0;
    %pushi/vec4 0, 0, 1;
    %assign/vec4 v0xabcce0_0, 0;
    %jmp T_9.1;
T_9.0 ;
    %load/vec4 v0xabcb10_0;
    %cmpi/ne 0, 0, 7;
    %jmp/0xz  T_9.2, 6;
    %load/vec4 v0xabcb10_0;
    %subi 1, 0, 7;
    %assign/vec4 v0xabcb10_0, 0;
T_9.2 ;
T_9.1 ;
    %jmp T_9;
    .thread T_9;
    .scope S_0xabb910;
T_10 ;
    %wait E_0xabbb70;
    %load/vec4 v0xabbdd0_0;
    %flag_set/vec4 8;
    %jmp/0xz  T_10.0, 8;
    %load/vec4 v0xabbea0_0;
    %cmpi/e 0, 0, 4;
    %jmp/0xz  T_10.2, 4;
    %pushi/vec4 126, 0, 7;
    %assign/vec4 v0xabbbf0_0, 0;
T_10.2 ;
    %load/vec4 v0xabbea0_0;
    %cmpi/e 1, 0, 4;
    %jmp/0xz  T_10.4, 4;
    %pushi/vec4 2, 0, 7;
    %assign/vec4 v0xabbbf0_0, 0;
T_10.4 ;
    %load/vec4 v0xabbea0_0;
    %cmpi/e 2, 0, 4;
    %jmp/0xz  T_10.6, 4;
    %pushi/vec4 4, 0, 7;
    %assign/vec4 v0xabbbf0_0, 0;
T_10.6 ;
    %load/vec4 v0xabbea0_0;
    %cmpi/e 3, 0, 4;
    %jmp/0xz  T_10.8, 4;
    %pushi/vec4 6, 0, 7;
    %assign/vec4 v0xabbbf0_0, 0;
T_10.8 ;
    %load/vec4 v0xabbea0_0;
    %cmpi/e 4, 0, 4;
    %jmp/0xz  T_10.10, 4;
    %pushi/vec4 8, 0, 7;
    %assign/vec4 v0xabbbf0_0, 0;
T_10.10 ;
    %load/vec4 v0xabbea0_0;
    %cmpi/e 5, 0, 4;
    %jmp/0xz  T_10.12, 4;
    %pushi/vec4 10, 0, 7;
    %assign/vec4 v0xabbbf0_0, 0;
T_10.12 ;
    %load/vec4 v0xabbea0_0;
    %cmpi/e 6, 0, 4;
    %jmp/0xz  T_10.14, 4;
    %pushi/vec4 12, 0, 7;
    %assign/vec4 v0xabbbf0_0, 0;
T_10.14 ;
    %load/vec4 v0xabbea0_0;
    %pad/u 5;
    %cmpi/e 7, 0, 5;
    %jmp/0xz  T_10.16, 4;
    %pushi/vec4 14, 0, 7;
    %assign/vec4 v0xabbbf0_0, 0;
T_10.16 ;
    %load/vec4 v0xabbea0_0;
    %pad/u 5;
    %cmpi/e 8, 0, 5;
    %jmp/0xz  T_10.18, 4;
    %pushi/vec4 16, 0, 7;
    %assign/vec4 v0xabbbf0_0, 0;
T_10.18 ;
    %load/vec4 v0xabbea0_0;
    %pad/u 5;
    %cmpi/e 9, 0, 5;
    %jmp/0xz  T_10.20, 4;
    %pushi/vec4 18, 0, 7;
    %assign/vec4 v0xabbbf0_0, 0;
T_10.20 ;
    %load/vec4 v0xabbea0_0;
    %pad/u 5;
    %cmpi/e 10, 0, 5;
    %jmp/0xz  T_10.22, 4;
    %pushi/vec4 20, 0, 7;
    %assign/vec4 v0xabbbf0_0, 0;
T_10.22 ;
    %load/vec4 v0xabbea0_0;
    %pad/u 5;
    %cmpi/e 11, 0, 5;
    %jmp/0xz  T_10.24, 4;
    %pushi/vec4 22, 0, 7;
    %assign/vec4 v0xabbbf0_0, 0;
T_10.24 ;
    %load/vec4 v0xabbea0_0;
    %pad/u 5;
    %cmpi/e 12, 0, 5;
    %jmp/0xz  T_10.26, 4;
    %pushi/vec4 24, 0, 7;
    %assign/vec4 v0xabbbf0_0, 0;
T_10.26 ;
    %load/vec4 v0xabbea0_0;
    %pad/u 5;
    %cmpi/e 13, 0, 5;
    %jmp/0xz  T_10.28, 4;
    %pushi/vec4 26, 0, 7;
    %assign/vec4 v0xabbbf0_0, 0;
T_10.28 ;
    %load/vec4 v0xabbea0_0;
    %pad/u 5;
    %cmpi/e 14, 0, 5;
    %jmp/0xz  T_10.30, 4;
    %pushi/vec4 28, 0, 7;
    %assign/vec4 v0xabbbf0_0, 0;
T_10.30 ;
    %load/vec4 v0xabbea0_0;
    %pad/u 5;
    %cmpi/e 15, 0, 5;
    %jmp/0xz  T_10.32, 4;
    %pushi/vec4 30, 0, 7;
    %assign/vec4 v0xabbbf0_0, 0;
T_10.32 ;
    %jmp T_10.1;
T_10.0 ;
    %load/vec4 v0xabbea0_0;
    %cmpi/e 0, 0, 4;
    %jmp/0xz  T_10.34, 4;
    %pushi/vec4 10, 0, 7;
    %assign/vec4 v0xabbbf0_0, 0;
T_10.34 ;
    %load/vec4 v0xabbea0_0;
    %cmpi/e 1, 0, 4;
    %jmp/0xz  T_10.36, 4;
    %pushi/vec4 20, 0, 7;
    %assign/vec4 v0xabbbf0_0, 0;
T_10.36 ;
    %load/vec4 v0xabbea0_0;
    %cmpi/e 2, 0, 4;
    %jmp/0xz  T_10.38, 4;
    %pushi/vec4 40, 0, 7;
    %assign/vec4 v0xabbbf0_0, 0;
T_10.38 ;
    %load/vec4 v0xabbea0_0;
    %cmpi/e 3, 0, 4;
    %jmp/0xz  T_10.40, 4;
    %pushi/vec4 80, 0, 7;
    %assign/vec4 v0xabbbf0_0, 0;
T_10.40 ;
    %load/vec4 v0xabbea0_0;
    %cmpi/e 4, 0, 4;
    %jmp/0xz  T_10.42, 4;
    %pushi/vec4 32, 0, 7;
    %assign/vec4 v0xabbbf0_0, 0;
T_10.42 ;
    %load/vec4 v0xabbea0_0;
    %cmpi/e 5, 0, 4;
    %jmp/0xz  T_10.44, 4;
    %pushi/vec4 60, 0, 7;
    %assign/vec4 v0xabbbf0_0, 0;
T_10.44 ;
    %load/vec4 v0xabbea0_0;
    %cmpi/e 6, 0, 4;
    %jmp/0xz  T_10.46, 4;
    %pushi/vec4 14, 0, 7;
    %assign/vec4 v0xabbbf0_0, 0;
T_10.46 ;
    %load/vec4 v0xabbea0_0;
    %pad/u 5;
    %cmpi/e 7, 0, 5;
    %jmp/0xz  T_10.48, 4;
    %pushi/vec4 26, 0, 7;
    %assign/vec4 v0xabbbf0_0, 0;
T_10.48 ;
    %load/vec4 v0xabbea0_0;
    %pad/u 5;
    %cmpi/e 8, 0, 5;
    %jmp/0xz  T_10.50, 4;
    %pushi/vec4 12, 0, 7;
    %assign/vec4 v0xabbbf0_0, 0;
T_10.50 ;
    %load/vec4 v0xabbea0_0;
    %pad/u 5;
    %cmpi/e 9, 0, 5;
    %jmp/0xz  T_10.52, 4;
    %pushi/vec4 24, 0, 7;
    %assign/vec4 v0xabbbf0_0, 0;
T_10.52 ;
    %load/vec4 v0xabbea0_0;
    %pad/u 5;
    %cmpi/e 10, 0, 5;
    %jmp/0xz  T_10.54, 4;
    %pushi/vec4 48, 0, 7;
    %assign/vec4 v0xabbbf0_0, 0;
T_10.54 ;
    %load/vec4 v0xabbea0_0;
    %pad/u 5;
    %cmpi/e 11, 0, 5;
    %jmp/0xz  T_10.56, 4;
    %pushi/vec4 96, 0, 7;
    %assign/vec4 v0xabbbf0_0, 0;
T_10.56 ;
    %load/vec4 v0xabbea0_0;
    %pad/u 5;
    %cmpi/e 12, 0, 5;
    %jmp/0xz  T_10.58, 4;
    %pushi/vec4 64, 0, 7;
    %assign/vec4 v0xabbbf0_0, 0;
T_10.58 ;
    %load/vec4 v0xabbea0_0;
    %pad/u 5;
    %cmpi/e 13, 0, 5;
    %jmp/0xz  T_10.60, 4;
    %pushi/vec4 72, 0, 7;
    %assign/vec4 v0xabbbf0_0, 0;
T_10.60 ;
    %load/vec4 v0xabbea0_0;
    %pad/u 5;
    %cmpi/e 14, 0, 5;
    %jmp/0xz  T_10.62, 4;
    %pushi/vec4 16, 0, 7;
    %assign/vec4 v0xabbbf0_0, 0;
T_10.62 ;
    %load/vec4 v0xabbea0_0;
    %pad/u 5;
    %cmpi/e 15, 0, 5;
    %jmp/0xz  T_10.64, 4;
    %pushi/vec4 32, 0, 7;
    %assign/vec4 v0xabbbf0_0, 0;
T_10.64 ;
T_10.1 ;
    %jmp T_10;
    .thread T_10, $push;
    .scope S_0xabb5f0;
T_11 ;
    %wait E_0xabb8b0;
    %load/vec4 v0xabc270_0;
    %assign/vec4 v0xabc520_0, 0;
    %jmp T_11;
    .thread T_11, $push;
    .scope S_0xabb5f0;
T_12 ;
    %wait E_0xabb830;
    %load/vec4 v0xabc1d0_0;
    %flag_set/vec4 8;
    %jmp/0xz  T_12.0, 8;
    %pushi/vec4 0, 0, 7;
    %assign/vec4 v0xabc520_0, 0;
    %jmp T_12.1;
T_12.0 ;
    %pushi/vec4 0, 0, 7;
    %load/vec4 v0xabc520_0;
    %cmp/u;
    %jmp/0xz  T_12.2, 5;
    %load/vec4 v0xabc520_0;
    %subi 1, 0, 7;
    %assign/vec4 v0xabc520_0, 0;
T_12.2 ;
T_12.1 ;
    %jmp T_12;
    .thread T_12;
    .scope S_0xabb330;
T_13 ;
    %wait E_0xabd170;
    %pushi/vec4 0, 0, 7;
    %load/vec4 v0xabe4d0_0;
    %cmp/u;
    %flag_get/vec4 5;
    %pushi/vec4 0, 0, 7;
    %load/vec4 v0xabe2d0_0;
    %cmp/u;
    %flag_get/vec4 5;
    %and;
    %flag_set/vec4 8;
    %jmp/0xz  T_13.0, 8;
    %load/vec4 v0xabe810_0;
    %assign/vec4 v0xabe8e0_0, 0;
T_13.0 ;
    %jmp T_13;
    .thread T_13;
    .scope S_0xa47ad0;
T_14 ;
    %pushi/vec4 0, 0, 4;
    %assign/vec4 v0xab9230_0, 0;
    %pushi/vec4 0, 0, 4;
    %assign/vec4 v0xab9400_0, 0;
    %pushi/vec4 1, 0, 1;
    %store/vec4 v0xa4b650_0, 0, 1;
T_14.0 ;
    %delay 1, 0;
    %pushi/vec4 0, 0, 1;
    %store/vec4 v0xa4b650_0, 0, 1;
    %delay 655, 0;
    %pushi/vec4 1, 0, 1;
    %store/vec4 v0xa4b650_0, 0, 1;
    %jmp T_14.0;
    %end;
    .thread T_14;
    .scope S_0xa47ad0;
T_15 ;
    %vpi_call 3 19 "$display", "%d %d", P_0xa4bcb0, P_0xa4bc70 {0 0 0};
    %end;
    .thread T_15;
    .scope S_0xa47ad0;
T_16 ;
    %wait E_0xa45920;
    %load/vec4 v0xab9310_0;
    %cmpi/e 15, 15, 4;
    %jmp/0xz  T_16.0, 6;
    %pushi/vec4 0, 0, 4;
    %assign/vec4 v0xab9230_0, 0;
    %jmp T_16.1;
T_16.0 ;
    %load/vec4 v0xab9310_0;
    %assign/vec4 v0xab9230_0, 0;
T_16.1 ;
    %load/vec4 v0xab94e0_0;
    %cmpi/e 15, 15, 4;
    %jmp/0xz  T_16.2, 6;
    %pushi/vec4 0, 0, 4;
    %assign/vec4 v0xab9400_0, 0;
    %jmp T_16.3;
T_16.2 ;
    %load/vec4 v0xab94e0_0;
    %assign/vec4 v0xab9400_0, 0;
T_16.3 ;
    %vpi_call 3 30 "$display", "%d %d %d", $time, v0xab9230_0, v0xab9400_0 {0 0 0};
    %jmp T_16;
    .thread T_16;
    .scope S_0xa460d0;
T_17 ;
    %pushi/vec4 0, 0, 1;
    %assign/vec4 v0xabec80_0, 0;
T_17.0 ;
    %delay 1, 0;
    %load/vec4 v0xabec80_0;
    %inv;
    %assign/vec4 v0xabec80_0, 0;
    %jmp T_17.0;
    %end;
    .thread T_17;
    .scope S_0xa460d0;
T_18 ;
    %vpi_call 2 36 "$dumpfile", "apu.vcd" {0 0 0};
    %pushi/vec4 1, 0, 1;
    %cassign/vec4 v0xabef80_0;
    %pushi/vec4 50, 0, 7;
    %cassign/vec4 v0xabf020_0;
    %pushi/vec4 1358, 0, 11;
    %cassign/vec4 v0xabf4d0_0;
    %pushi/vec4 8, 0, 6;
    %cassign/vec4 v0xabf390_0;
    %pushi/vec4 1, 0, 1;
    %cassign/vec4 v0xabf430_0;
    %delay 2, 0;
    %pushi/vec4 0, 0, 1;
    %cassign/vec4 v0xabf430_0;
    %pushi/vec4 0, 0, 1;
    %cassign/vec4 v0xabef80_0;
    %delay 10735000, 0;
    %pushi/vec4 50, 0, 7;
    %cassign/vec4 v0xabf020_0;
    %pushi/vec4 1524, 0, 11;
    %cassign/vec4 v0xabf4d0_0;
    %pushi/vec4 6, 0, 6;
    %cassign/vec4 v0xabf390_0;
    %pushi/vec4 1, 0, 1;
    %cassign/vec4 v0xabef80_0;
    %delay 2, 0;
    %pushi/vec4 6, 0, 6;
    %cassign/vec4 v0xabf390_0;
    %pushi/vec4 0, 0, 1;
    %cassign/vec4 v0xabef80_0;
    %delay 10735000, 0;
    %pushi/vec4 50, 0, 7;
    %cassign/vec4 v0xabf020_0;
    %pushi/vec4 1712, 0, 11;
    %cassign/vec4 v0xabf4d0_0;
    %pushi/vec4 6, 0, 6;
    %cassign/vec4 v0xabf390_0;
    %pushi/vec4 1, 0, 1;
    %cassign/vec4 v0xabef80_0;
    %delay 2, 0;
    %pushi/vec4 6, 0, 6;
    %cassign/vec4 v0xabf390_0;
    %pushi/vec4 0, 0, 1;
    %cassign/vec4 v0xabef80_0;
    %delay 10735000, 0;
    %pushi/vec4 1, 0, 1;
    %cassign/vec4 v0xabef80_0;
    %pushi/vec4 50, 0, 7;
    %cassign/vec4 v0xabf020_0;
    %pushi/vec4 1358, 0, 11;
    %cassign/vec4 v0xabf4d0_0;
    %pushi/vec4 6, 0, 6;
    %cassign/vec4 v0xabf390_0;
    %delay 2, 0;
    %pushi/vec4 8, 0, 6;
    %cassign/vec4 v0xabf390_0;
    %pushi/vec4 0, 0, 1;
    %cassign/vec4 v0xabef80_0;
    %delay 10735000, 0;
    %pushi/vec4 50, 0, 7;
    %cassign/vec4 v0xabf020_0;
    %pushi/vec4 1524, 0, 11;
    %cassign/vec4 v0xabf4d0_0;
    %pushi/vec4 6, 0, 6;
    %cassign/vec4 v0xabf390_0;
    %pushi/vec4 1, 0, 1;
    %cassign/vec4 v0xabef80_0;
    %delay 2, 0;
    %pushi/vec4 8, 0, 6;
    %cassign/vec4 v0xabf390_0;
    %pushi/vec4 0, 0, 1;
    %cassign/vec4 v0xabef80_0;
    %delay 10735000, 0;
    %pushi/vec4 50, 0, 7;
    %cassign/vec4 v0xabf020_0;
    %pushi/vec4 1712, 0, 11;
    %cassign/vec4 v0xabf4d0_0;
    %pushi/vec4 6, 0, 6;
    %cassign/vec4 v0xabf390_0;
    %pushi/vec4 1, 0, 1;
    %cassign/vec4 v0xabef80_0;
    %delay 2, 0;
    %pushi/vec4 8, 0, 6;
    %cassign/vec4 v0xabf390_0;
    %pushi/vec4 0, 0, 1;
    %cassign/vec4 v0xabef80_0;
    %delay 10735000, 0;
    %pushi/vec4 50, 0, 7;
    %cassign/vec4 v0xabf020_0;
    %pushi/vec4 1712, 0, 11;
    %cassign/vec4 v0xabf4d0_0;
    %pushi/vec4 6, 0, 6;
    %cassign/vec4 v0xabf390_0;
    %pushi/vec4 1, 0, 1;
    %cassign/vec4 v0xabef80_0;
    %delay 2, 0;
    %pushi/vec4 4, 0, 6;
    %cassign/vec4 v0xabf390_0;
    %pushi/vec4 0, 0, 1;
    %cassign/vec4 v0xabef80_0;
    %delay 6367500, 0;
    %pushi/vec4 50, 0, 7;
    %cassign/vec4 v0xabf020_0;
    %pushi/vec4 1712, 0, 11;
    %cassign/vec4 v0xabf4d0_0;
    %pushi/vec4 6, 0, 6;
    %cassign/vec4 v0xabf390_0;
    %pushi/vec4 1, 0, 1;
    %cassign/vec4 v0xabef80_0;
    %delay 2, 0;
    %pushi/vec4 4, 0, 6;
    %cassign/vec4 v0xabf390_0;
    %pushi/vec4 0, 0, 1;
    %cassign/vec4 v0xabef80_0;
    %delay 6367500, 0;
    %pushi/vec4 50, 0, 7;
    %cassign/vec4 v0xabf020_0;
    %pushi/vec4 1712, 0, 11;
    %cassign/vec4 v0xabf4d0_0;
    %pushi/vec4 6, 0, 6;
    %cassign/vec4 v0xabf390_0;
    %pushi/vec4 1, 0, 1;
    %cassign/vec4 v0xabef80_0;
    %delay 2, 0;
    %pushi/vec4 4, 0, 6;
    %cassign/vec4 v0xabf390_0;
    %pushi/vec4 0, 0, 1;
    %cassign/vec4 v0xabef80_0;
    %delay 6367500, 0;
    %pushi/vec4 50, 0, 7;
    %cassign/vec4 v0xabf020_0;
    %pushi/vec4 1712, 0, 11;
    %cassign/vec4 v0xabf4d0_0;
    %pushi/vec4 6, 0, 6;
    %cassign/vec4 v0xabf390_0;
    %pushi/vec4 1, 0, 1;
    %cassign/vec4 v0xabef80_0;
    %delay 2, 0;
    %pushi/vec4 4, 0, 6;
    %cassign/vec4 v0xabf390_0;
    %pushi/vec4 0, 0, 1;
    %cassign/vec4 v0xabef80_0;
    %delay 6367500, 0;
    %pushi/vec4 50, 0, 7;
    %cassign/vec4 v0xabf020_0;
    %pushi/vec4 1524, 0, 11;
    %cassign/vec4 v0xabf4d0_0;
    %pushi/vec4 6, 0, 6;
    %cassign/vec4 v0xabf390_0;
    %pushi/vec4 1, 0, 1;
    %cassign/vec4 v0xabef80_0;
    %delay 2, 0;
    %pushi/vec4 4, 0, 6;
    %cassign/vec4 v0xabf390_0;
    %pushi/vec4 0, 0, 1;
    %cassign/vec4 v0xabef80_0;
    %delay 6367500, 0;
    %pushi/vec4 50, 0, 7;
    %cassign/vec4 v0xabf020_0;
    %pushi/vec4 1524, 0, 11;
    %cassign/vec4 v0xabf4d0_0;
    %pushi/vec4 6, 0, 6;
    %cassign/vec4 v0xabf390_0;
    %pushi/vec4 1, 0, 1;
    %cassign/vec4 v0xabef80_0;
    %delay 2, 0;
    %pushi/vec4 4, 0, 6;
    %cassign/vec4 v0xabf390_0;
    %pushi/vec4 0, 0, 1;
    %cassign/vec4 v0xabef80_0;
    %delay 6367500, 0;
    %pushi/vec4 50, 0, 7;
    %cassign/vec4 v0xabf020_0;
    %pushi/vec4 1524, 0, 11;
    %cassign/vec4 v0xabf4d0_0;
    %pushi/vec4 6, 0, 6;
    %cassign/vec4 v0xabf390_0;
    %pushi/vec4 1, 0, 1;
    %cassign/vec4 v0xabef80_0;
    %delay 2, 0;
    %pushi/vec4 4, 0, 6;
    %cassign/vec4 v0xabf390_0;
    %pushi/vec4 0, 0, 1;
    %cassign/vec4 v0xabef80_0;
    %delay 6367500, 0;
    %pushi/vec4 50, 0, 7;
    %cassign/vec4 v0xabf020_0;
    %pushi/vec4 1524, 0, 11;
    %cassign/vec4 v0xabf4d0_0;
    %pushi/vec4 6, 0, 6;
    %cassign/vec4 v0xabf390_0;
    %pushi/vec4 1, 0, 1;
    %cassign/vec4 v0xabef80_0;
    %delay 2, 0;
    %pushi/vec4 4, 0, 6;
    %cassign/vec4 v0xabf390_0;
    %pushi/vec4 0, 0, 1;
    %cassign/vec4 v0xabef80_0;
    %delay 6367500, 0;
    %pushi/vec4 1, 0, 1;
    %cassign/vec4 v0xabef80_0;
    %pushi/vec4 50, 0, 7;
    %cassign/vec4 v0xabf020_0;
    %pushi/vec4 1358, 0, 11;
    %cassign/vec4 v0xabf4d0_0;
    %pushi/vec4 6, 0, 6;
    %cassign/vec4 v0xabf390_0;
    %delay 2, 0;
    %pushi/vec4 8, 0, 6;
    %cassign/vec4 v0xabf390_0;
    %pushi/vec4 0, 0, 1;
    %cassign/vec4 v0xabef80_0;
    %delay 10735000, 0;
    %pushi/vec4 50, 0, 7;
    %cassign/vec4 v0xabf020_0;
    %pushi/vec4 1524, 0, 11;
    %cassign/vec4 v0xabf4d0_0;
    %pushi/vec4 6, 0, 6;
    %cassign/vec4 v0xabf390_0;
    %pushi/vec4 1, 0, 1;
    %cassign/vec4 v0xabef80_0;
    %delay 2, 0;
    %pushi/vec4 8, 0, 6;
    %cassign/vec4 v0xabf390_0;
    %pushi/vec4 0, 0, 1;
    %cassign/vec4 v0xabef80_0;
    %delay 10735000, 0;
    %pushi/vec4 50, 0, 7;
    %cassign/vec4 v0xabf020_0;
    %pushi/vec4 1712, 0, 11;
    %cassign/vec4 v0xabf4d0_0;
    %pushi/vec4 6, 0, 6;
    %cassign/vec4 v0xabf390_0;
    %pushi/vec4 1, 0, 1;
    %cassign/vec4 v0xabef80_0;
    %delay 2, 0;
    %pushi/vec4 8, 0, 6;
    %cassign/vec4 v0xabf390_0;
    %pushi/vec4 0, 0, 1;
    %cassign/vec4 v0xabef80_0;
    %delay 10735000, 0;
    %vpi_call 2 213 "$finish" {0 0 0};
    %end;
    .thread T_18;
    .scope S_0xabf750;
T_19 ;
    %load/vec4 v0xabfa10_0;
    %pad/u 32;
    %pushi/vec4 2, 0, 32;
    %div;
    %pad/u 17;
    %assign/vec4 v0xabfe90_0, 0;
    %pushi/vec4 0, 0, 17;
    %assign/vec4 v0xac0050_0, 0;
    %pushi/vec4 0, 0, 1;
    %assign/vec4 v0xabfd80_0, 0;
    %end;
    .thread T_19;
    .scope S_0xabf750;
T_20 ;
    %wait E_0xabf990;
    %load/vec4 v0xac0130_0;
    %flag_set/vec4 8;
    %jmp/0xz  T_20.0, 8;
    %load/vec4 v0xabfa10_0;
    %pad/u 32;
    %pushi/vec4 2, 0, 32;
    %div;
    %pad/u 17;
    %assign/vec4 v0xabfe90_0, 0;
    %pushi/vec4 0, 0, 17;
    %assign/vec4 v0xac0050_0, 0;
    %pushi/vec4 0, 0, 1;
    %assign/vec4 v0xabfd80_0, 0;
    %jmp T_20.1;
T_20.0 ;
    %load/vec4 v0xabff70_0;
    %load/vec4 v0xabfe90_0;
    %cmp/e;
    %jmp/0xz  T_20.2, 4;
    %pushi/vec4 0, 0, 17;
    %assign/vec4 v0xac0050_0, 0;
    %load/vec4 v0xabfd80_0;
    %inv;
    %assign/vec4 v0xabfd80_0, 0;
    %jmp T_20.3;
T_20.2 ;
    %load/vec4 v0xabff70_0;
    %assign/vec4 v0xac0050_0, 0;
T_20.3 ;
T_20.1 ;
    %jmp T_20;
    .thread T_20;
    .scope S_0xa49f60;
T_21 ;
    %wait E_0xabf6f0;
    %load/vec4 v0xac0920_0;
    %flag_set/vec4 8;
    %jmp/0xz  T_21.0, 8;
    %pushi/vec4 15, 0, 4;
    %assign/vec4 v0xac04c0_0, 0;
    %pushi/vec4 1, 0, 1;
    %assign/vec4 v0xac0880_0, 0;
    %jmp T_21.1;
T_21.0 ;
    %pushi/vec4 0, 0, 1;
    %assign/vec4 v0xac0880_0, 0;
T_21.1 ;
    %load/vec4 v0xac0660_0;
    %flag_set/vec4 8;
    %jmp/0xz  T_21.2, 8;
    %load/vec4 v0xac07a0_0;
    %pad/u 4;
    %assign/vec4 v0xac0a50_0, 0;
    %jmp T_21.3;
T_21.2 ;
    %load/vec4 v0xac04c0_0;
    %assign/vec4 v0xac0a50_0, 0;
T_21.3 ;
    %jmp T_21;
    .thread T_21;
    .scope S_0xa49f60;
T_22 ;
    %wait E_0xabf670;
    %load/vec4 v0xac0700_0;
    %load/vec4 v0xac04c0_0;
    %pad/u 32;
    %pushi/vec4 0, 0, 32;
    %cmp/e;
    %flag_get/vec4 4;
    %and;
    %flag_set/vec4 8;
    %jmp/0xz  T_22.0, 8;
    %pushi/vec4 15, 0, 4;
    %assign/vec4 v0xac04c0_0, 0;
T_22.0 ;
    %load/vec4 v0xac04c0_0;
    %pad/u 32;
    %cmpi/ne 0, 0, 32;
    %jmp/0xz  T_22.2, 6;
    %load/vec4 v0xac04c0_0;
    %subi 1, 0, 4;
    %assign/vec4 v0xac04c0_0, 0;
T_22.2 ;
    %jmp T_22;
    .thread T_22;
# The file index is used to find the file name in the following table.
:file_names 7;
    "N/A";
    "<interactive>";
    "apu.v";
    "./dac.v";
    "./frameSequencer.v";
    "./commonComponents.v";
    "./triangleChannel.v";
